# Logfile created on Wed Jan 08 17:11:06 +0000 2014 by logger.rb/1.2.6
I, [2014-01-08T17:11:06.173403 #1558]  INFO -- : 0:  rake (10.1.1) from /home/travis/.rvm/gems/ruby-1.8.7-p374@global/specifications/rake-10.1.1.gemspec
I, [2014-01-08T17:11:07.069539 #1558]  INFO -- : 0:  builder (3.2.2) from /home/travis/.rvm/gems/ruby-1.8.7-p374/specifications/builder-3.2.2.gemspec
I, [2014-01-08T17:11:08.051019 #1558]  INFO -- : 0:  diff-lcs (1.2.5) from /home/travis/.rvm/gems/ruby-1.8.7-p374/specifications/diff-lcs-1.2.5.gemspec
I, [2014-01-08T17:11:09.394456 #1558]  INFO -- : 0:  excon (0.31.0) from /home/travis/.rvm/gems/ruby-1.8.7-p374/specifications/excon-0.31.0.gemspec
I, [2014-01-08T17:11:10.974408 #1558]  INFO -- : 0:  facter (1.7.4) from /home/travis/.rvm/gems/ruby-1.8.7-p374/specifications/facter-1.7.4.gemspec
I, [2014-01-08T17:11:11.391794 #1558]  INFO -- : 0:  formatador (0.2.4) from /home/travis/.rvm/gems/ruby-1.8.7-p374/specifications/formatador-0.2.4.gemspec
I, [2014-01-08T17:11:12.420441 #1558]  INFO -- : 0:  mime-types (1.25.1) from /home/travis/.rvm/gems/ruby-1.8.7-p374/specifications/mime-types-1.25.1.gemspec
I, [2014-01-08T17:11:13.300144 #1558]  INFO -- : 0:  multi_json (1.8.2) from /home/travis/.rvm/gems/ruby-1.8.7-p374/specifications/multi_json-1.8.2.gemspec
I, [2014-01-08T17:11:14.822437 #1558]  INFO -- : 0:  net-ssh (2.7.0) from /home/travis/.rvm/gems/ruby-1.8.7-p374/specifications/net-ssh-2.7.0.gemspec
I, [2014-01-08T17:11:15.679836 #1558]  INFO -- : 0:  net-scp (1.1.2) from /home/travis/.rvm/gems/ruby-1.8.7-p374/specifications/net-scp-1.1.2.gemspec
I, [2014-01-08T17:11:24.183048 #1558]  INFO -- : 0:  nokogiri (1.5.11) from /home/travis/.rvm/gems/ruby-1.8.7-p374/specifications/nokogiri-1.5.11.gemspec
I, [2014-01-08T17:11:24.586253 #1558]  INFO -- : 0:  ruby-hmac (0.4.0) from /home/travis/.rvm/gems/ruby-1.8.7-p374/specifications/ruby-hmac-0.4.0.gemspec
I, [2014-01-08T17:11:30.951863 #1558]  INFO -- : 0:  fog (1.19.0) from /home/travis/.rvm/gems/ruby-1.8.7-p374/specifications/fog-1.19.0.gemspec
I, [2014-01-08T17:11:32.543467 #1558]  INFO -- : 0:  json_pure (1.8.1) from /home/travis/.rvm/gems/ruby-1.8.7-p374/specifications/json_pure-1.8.1.gemspec
I, [2014-01-08T17:11:33.501261 #1558]  INFO -- : 0:  hiera (1.3.0) from /home/travis/.rvm/gems/ruby-1.8.7-p374/specifications/hiera-1.3.0.gemspec
I, [2014-01-08T17:11:34.089626 #1558]  INFO -- : 0:  highline (1.6.20) from /home/travis/.rvm/gems/ruby-1.8.7-p374/specifications/highline-1.6.20.gemspec
I, [2014-01-08T17:11:34.931712 #1558]  INFO -- : 0:  kwalify (0.7.2) from /home/travis/.rvm/gems/ruby-1.8.7-p374/specifications/kwalify-0.7.2.gemspec
I, [2014-01-08T17:11:35.382646 #1558]  INFO -- : 0:  metaclass (0.0.1) from /home/travis/.rvm/gems/ruby-1.8.7-p374/specifications/metaclass-0.0.1.gemspec
I, [2014-01-08T17:11:36.139645 #1558]  INFO -- : 0:  mocha (0.14.0) from /home/travis/.rvm/gems/ruby-1.8.7-p374/specifications/mocha-0.14.0.gemspec
I, [2014-01-08T17:11:37.562608 #1558]  INFO -- : 0:  rgen (0.6.6) from /home/travis/.rvm/gems/ruby-1.8.7-p374/specifications/rgen-0.6.6.gemspec
I, [2014-01-08T17:11:43.026384 #1558]  INFO -- : 0:  puppet (3.4.2) from /home/travis/.rvm/gems/ruby-1.8.7-p374/specifications/puppet-3.4.2.gemspec
I, [2014-01-08T17:11:44.413177 #1558]  INFO -- : 0:  rspec-core (2.14.7) from /home/travis/.rvm/gems/ruby-1.8.7-p374/specifications/rspec-core-2.14.7.gemspec
I, [2014-01-08T17:11:45.022966 #1558]  INFO -- : 0:  rspec-expectations (2.14.4) from /home/travis/.rvm/gems/ruby-1.8.7-p374/specifications/rspec-expectations-2.14.4.gemspec
I, [2014-01-08T17:11:46.171125 #1558]  INFO -- : 0:  rspec-mocks (2.14.4) from /home/travis/.rvm/gems/ruby-1.8.7-p374/specifications/rspec-mocks-2.14.4.gemspec
I, [2014-01-08T17:11:46.597612 #1558]  INFO -- : 0:  rspec (2.14.1) from /home/travis/.rvm/gems/ruby-1.8.7-p374/specifications/rspec-2.14.1.gemspec
I, [2014-01-08T17:11:46.988626 #1558]  INFO -- : 0:  rspec-puppet (1.0.1) from /home/travis/.rvm/gems/ruby-1.8.7-p374/specifications/rspec-puppet-1.0.1.gemspec
I, [2014-01-08T17:11:47.736131 #1558]  INFO -- : 0:  puppetlabs_spec_helper (0.4.1) from /home/travis/.rvm/gems/ruby-1.8.7-p374/specifications/puppetlabs_spec_helper-0.4.1.gemspec
I, [2014-01-08T17:11:48.243204 #1558]  INFO -- : 0:  trollop (2.0) from /home/travis/.rvm/gems/ruby-1.8.7-p374/specifications/trollop-2.0.gemspec
I, [2014-01-08T17:11:49.752095 #1558]  INFO -- : 0:  rbvmomi (1.8.1) from /home/travis/.rvm/gems/ruby-1.8.7-p374/specifications/rbvmomi-1.8.1.gemspec
I, [2014-01-08T17:11:50.551599 #1558]  INFO -- : 0:  systemu (2.6.0) from /home/travis/.rvm/gems/ruby-1.8.7-p374/specifications/systemu-2.6.0.gemspec
I, [2014-01-08T17:11:51.800285 #1558]  INFO -- : 0:  rspec-system (2.8.0) from /home/travis/.rvm/gems/ruby-1.8.7-p374/specifications/rspec-system-2.8.0.gemspec
I, [2014-01-08T17:11:52.568864 #1558]  INFO -- : 0:  rspec-system-puppet (2.2.1) from /home/travis/.rvm/gems/ruby-1.8.7-p374/specifications/rspec-system-puppet-2.2.1.gemspec
I, [2014-01-08T17:11:53.478243 #1558]  INFO -- : 0:  specinfra (0.1.1) from /home/travis/.rvm/gems/ruby-1.8.7-p374/specifications/specinfra-0.1.1.gemspec
I, [2014-01-08T17:11:54.812699 #1558]  INFO -- : 0:  serverspec (0.14.2) from /home/travis/.rvm/gems/ruby-1.8.7-p374/specifications/serverspec-0.14.2.gemspec
I, [2014-01-08T17:11:55.204226 #1558]  INFO -- : 0:  rspec-system-serverspec (2.0.1) from /home/travis/.rvm/gems/ruby-1.8.7-p374/specifications/rspec-system-serverspec-2.0.1.gemspec
I, [2014-01-08T17:11:55.226549 #1558]  INFO -- : 0:  bundler (1.5.1) from /home/travis/.rvm/gems/ruby-1.8.7-p374/specifications/bundler-1.5.1.gemspec
